c:\users\tushar\source\repos\volume\bin\intermediates\x64\debug\vc141.pdb
c:\users\tushar\source\repos\volume\bin\intermediates\x64\debug\vc141.idb
c:\users\tushar\source\repos\volume\bin\intermediates\x64\debug\objfileloaders.obj
c:\users\tushar\source\repos\volume\bin\intermediates\x64\debug\fspn.obj
c:\users\tushar\source\repos\volume\bin\intermediates\x64\debug\scalargrid.obj
c:\users\tushar\source\repos\volume\bin\intermediates\x64\debug\light.obj
c:\users\tushar\source\repos\volume\bin\intermediates\x64\debug\raymarch.obj
c:\users\tushar\source\repos\volume\bin\intermediates\x64\debug\camera.obj
c:\users\tushar\source\repos\volume\bin\intermediates\x64\debug\linearalgebra.obj
c:\users\tushar\source\repos\volume\bin\intermediates\x64\debug\main.obj
c:\users\tushar\source\repos\volume\bin\intermediates\x64\debug\matrix.obj
c:\users\tushar\source\repos\volume\bin\intermediates\x64\debug\perlinnoise.obj
c:\users\tushar\source\repos\volume\bin\intermediates\x64\debug\stampednoise.obj
c:\users\tushar\source\repos\volume\bin\intermediates\x64\debug\triangle.obj
c:\users\tushar\source\repos\volume\bin\intermediates\x64\debug\wisps.obj
c:\users\tushar\source\repos\volume\bin\intermediates\x64\debug\vectorgrid.obj
c:\users\tushar\source\repos\volume\bin\intermediates\x64\debug\fieldmath.obj
c:\users\tushar\source\repos\volume\bin\x64\debug\volume.exe
c:\users\tushar\source\repos\volume\bin\x64\debug\volume.ilk
c:\users\tushar\source\repos\volume\bin\x64\debug\volume.pdb
c:\users\tushar\source\repos\volume\bin\intermediates\x64\debug\volume.tlog\cl.command.1.tlog
c:\users\tushar\source\repos\volume\bin\intermediates\x64\debug\volume.tlog\cl.read.1.tlog
c:\users\tushar\source\repos\volume\bin\intermediates\x64\debug\volume.tlog\cl.write.1.tlog
c:\users\tushar\source\repos\volume\bin\intermediates\x64\debug\volume.tlog\link.command.1.tlog
c:\users\tushar\source\repos\volume\bin\intermediates\x64\debug\volume.tlog\link.read.1.tlog
c:\users\tushar\source\repos\volume\bin\intermediates\x64\debug\volume.tlog\link.write.1.tlog
