  RayMarch.cpp
c:\users\tushar\source\repos\volume\volume\header\perlinnoise.hpp(55): warning C4244: 'initializing': conversion from 'double' to 'float', possible loss of data
c:\users\tushar\source\repos\volume\volume\header\perlinnoise.hpp(64): warning C4244: 'return': conversion from 'double' to 'float', possible loss of data
c:\users\tushar\source\repos\volume\volume\header\fractalsummedperlinnoise.hpp(35): warning C4244: 'initializing': conversion from 'double' to 'float', possible loss of data
c:\users\tushar\source\repos\volume\volume\header\grid.hpp(57): warning C4018: '<': signed/unsigned mismatch
c:\users\tushar\source\repos\volume\volume\header\grid.hpp(59): warning C4018: '<': signed/unsigned mismatch
c:\users\tushar\source\repos\volume\volume\header\grid.hpp(61): warning C4018: '<': signed/unsigned mismatch
c:\users\tushar\source\repos\volume\volume\header\grid.hpp(64): warning C4244: '=': conversion from 'double' to 'float', possible loss of data
c:\users\tushar\source\repos\volume\volume\header\grid.hpp(83): warning C4244: 'argument': conversion from 'double' to 'float', possible loss of data
c:\users\tushar\source\repos\volume\volume\header\grid.hpp(83): warning C4244: 'argument': conversion from 'double' to 'int', possible loss of data
c:\users\tushar\source\repos\volume\volume\header\grid.hpp(84): warning C4244: 'initializing': conversion from 'double' to 'float', possible loss of data
c:\users\tushar\source\repos\volume\volume\header\grid.hpp(85): warning C4305: 'initializing': truncation from 'double' to 'float'
c:\users\tushar\source\repos\volume\volume\header\grid.hpp(114): warning C4018: '<': signed/unsigned mismatch
c:\users\tushar\source\repos\volume\volume\header\grid.hpp(116): warning C4018: '<': signed/unsigned mismatch
c:\users\tushar\source\repos\volume\volume\header\grid.hpp(118): warning C4018: '<': signed/unsigned mismatch
c:\users\tushar\source\repos\volume\volume\header\grid.hpp(122): warning C4244: '=': conversion from 'double' to 'float', possible loss of data
c:\users\tushar\source\repos\volume\volume\header\grid.hpp(136): warning C4018: '<': signed/unsigned mismatch
c:\users\tushar\source\repos\volume\volume\header\grid.hpp(138): warning C4018: '<': signed/unsigned mismatch
c:\users\tushar\source\repos\volume\volume\header\grid.hpp(140): warning C4018: '<': signed/unsigned mismatch
c:\users\tushar\source\repos\volume\volume\header\grid.hpp(165): warning C4244: '=': conversion from 'double' to 'float', possible loss of data
c:\users\tushar\source\repos\volume\volume\header\grid.hpp(183): warning C4244: 'initializing': conversion from 'double' to 'unsigned int', possible loss of data
c:\users\tushar\source\repos\volume\volume\header\grid.hpp(184): warning C4244: 'initializing': conversion from 'double' to 'unsigned int', possible loss of data
c:\users\tushar\source\repos\volume\volume\header\grid.hpp(185): warning C4244: 'initializing': conversion from 'double' to 'unsigned int', possible loss of data
c:\users\tushar\source\repos\volume\volume\header\light.hpp(30): warning C4018: '<': signed/unsigned mismatch
c:\users\tushar\source\repos\volume\volume\header\light.hpp(32): warning C4018: '<': signed/unsigned mismatch
c:\users\tushar\source\repos\volume\volume\header\light.hpp(34): warning C4018: '<': signed/unsigned mismatch
c:\users\tushar\source\repos\volume\volume\header\light.hpp(49): warning C4244: '+=': conversion from 'double' to 'float', possible loss of data
c:\users\tushar\source\repos\volume\volume\header\light.hpp(63): warning C4018: '<': signed/unsigned mismatch
c:\users\tushar\source\repos\volume\volume\header\light.hpp(65): warning C4018: '<': signed/unsigned mismatch
c:\users\tushar\source\repos\volume\volume\header\light.hpp(67): warning C4018: '<': signed/unsigned mismatch
c:\users\tushar\source\repos\volume\volume\header\light.hpp(83): warning C4244: '+=': conversion from 'double' to 'float', possible loss of data
c:\users\tushar\source\repos\volume\volume\header\stampednoise.hpp(27): warning C4244: 'argument': conversion from 'double' to 'float', possible loss of data
c:\users\tushar\source\repos\volume\volume\header\stampednoise.hpp(28): warning C4244: '=': conversion from 'double' to 'float', possible loss of data
c:\users\tushar\source\repos\volume\volume\header\stampednoise.hpp(55): warning C4018: '<': signed/unsigned mismatch
c:\users\tushar\source\repos\volume\volume\header\stampednoise.hpp(57): warning C4018: '<': signed/unsigned mismatch
c:\users\tushar\source\repos\volume\volume\header\stampednoise.hpp(59): warning C4018: '<': signed/unsigned mismatch
c:\users\tushar\source\repos\volume\volume\header\stampednoise.hpp(63): warning C4244: 'initializing': conversion from 'double' to 'float', possible loss of data
c:\users\tushar\source\repos\volume\volume\header\wisps.hpp(26): warning C4244: '=': conversion from 'double' to 'float', possible loss of data
c:\users\tushar\source\repos\volume\volume\header\wisps.hpp(27): warning C4244: '=': conversion from 'double' to 'float', possible loss of data
c:\users\tushar\source\repos\volume\volume\header\wisps.hpp(29): warning C4244: '=': conversion from 'double' to 'float', possible loss of data
c:\users\tushar\source\repos\volume\volume\header\wisps.hpp(30): warning C4244: 'argument': conversion from 'double' to 'float', possible loss of data
c:\users\tushar\source\repos\volume\volume\header\wisps.hpp(30): warning C4244: 'argument': conversion from 'double' to 'int', possible loss of data
c:\users\tushar\source\repos\volume\volume\header\wisps.hpp(31): warning C4244: 'argument': conversion from 'double' to 'float', possible loss of data
c:\users\tushar\source\repos\volume\volume\header\wisps.hpp(31): warning C4244: 'argument': conversion from 'double' to 'int', possible loss of data
c:\users\tushar\source\repos\volume\volume\header\wisps.hpp(39): warning C4305: 'initializing': truncation from 'double' to 'float'
c:\users\tushar\source\repos\volume\volume\header\wisps.hpp(75): warning C4244: 'initializing': conversion from 'double' to 'unsigned int', possible loss of data
c:\users\tushar\source\repos\volume\volume\header\wisps.hpp(76): warning C4244: 'initializing': conversion from 'double' to 'unsigned int', possible loss of data
c:\users\tushar\source\repos\volume\volume\header\wisps.hpp(77): warning C4244: 'initializing': conversion from 'double' to 'unsigned int', possible loss of data
c:\users\tushar\source\repos\volume\volume\header\wisps.hpp(83): warning C4244: '+=': conversion from 'double' to 'float', possible loss of data
c:\users\tushar\source\repos\volume\volume\header\wisps.hpp(84): warning C4244: '+=': conversion from 'double' to 'float', possible loss of data
c:\users\tushar\source\repos\volume\volume\header\wisps.hpp(85): warning C4244: '+=': conversion from 'double' to 'float', possible loss of data
c:\users\tushar\source\repos\volume\volume\header\wisps.hpp(86): warning C4244: '+=': conversion from 'double' to 'float', possible loss of data
c:\users\tushar\source\repos\volume\volume\header\wisps.hpp(87): warning C4244: '+=': conversion from 'double' to 'float', possible loss of data
c:\users\tushar\source\repos\volume\volume\header\wisps.hpp(88): warning C4244: '+=': conversion from 'double' to 'float', possible loss of data
c:\users\tushar\source\repos\volume\volume\header\wisps.hpp(89): warning C4244: '+=': conversion from 'double' to 'float', possible loss of data
c:\users\tushar\source\repos\volume\volume\header\wisps.hpp(90): warning C4244: '+=': conversion from 'double' to 'float', possible loss of data
c:\users\tushar\source\repos\volume\volume\source\raymarch.cpp(44): warning C4244: 'argument': conversion from 'double' to 'float', possible loss of data
c:\users\tushar\source\repos\volume\volume\source\raymarch.cpp(188): warning C4244: 'argument': conversion from 'double' to 'float', possible loss of data
  Main.cpp
c:\users\tushar\source\repos\volume\volume\header\perlinnoise.hpp(55): warning C4244: 'initializing': conversion from 'double' to 'float', possible loss of data
c:\users\tushar\source\repos\volume\volume\header\perlinnoise.hpp(64): warning C4244: 'return': conversion from 'double' to 'float', possible loss of data
c:\users\tushar\source\repos\volume\volume\header\fractalsummedperlinnoise.hpp(35): warning C4244: 'initializing': conversion from 'double' to 'float', possible loss of data
c:\users\tushar\source\repos\volume\volume\header\grid.hpp(57): warning C4018: '<': signed/unsigned mismatch
c:\users\tushar\source\repos\volume\volume\header\grid.hpp(59): warning C4018: '<': signed/unsigned mismatch
c:\users\tushar\source\repos\volume\volume\header\grid.hpp(61): warning C4018: '<': signed/unsigned mismatch
c:\users\tushar\source\repos\volume\volume\header\grid.hpp(64): warning C4244: '=': conversion from 'double' to 'float', possible loss of data
c:\users\tushar\source\repos\volume\volume\header\grid.hpp(83): warning C4244: 'argument': conversion from 'double' to 'float', possible loss of data
c:\users\tushar\source\repos\volume\volume\header\grid.hpp(83): warning C4244: 'argument': conversion from 'double' to 'int', possible loss of data
c:\users\tushar\source\repos\volume\volume\header\grid.hpp(84): warning C4244: 'initializing': conversion from 'double' to 'float', possible loss of data
c:\users\tushar\source\repos\volume\volume\header\grid.hpp(85): warning C4305: 'initializing': truncation from 'double' to 'float'
c:\users\tushar\source\repos\volume\volume\header\grid.hpp(114): warning C4018: '<': signed/unsigned mismatch
c:\users\tushar\source\repos\volume\volume\header\grid.hpp(116): warning C4018: '<': signed/unsigned mismatch
c:\users\tushar\source\repos\volume\volume\header\grid.hpp(118): warning C4018: '<': signed/unsigned mismatch
c:\users\tushar\source\repos\volume\volume\header\grid.hpp(122): warning C4244: '=': conversion from 'double' to 'float', possible loss of data
c:\users\tushar\source\repos\volume\volume\header\grid.hpp(136): warning C4018: '<': signed/unsigned mismatch
c:\users\tushar\source\repos\volume\volume\header\grid.hpp(138): warning C4018: '<': signed/unsigned mismatch
c:\users\tushar\source\repos\volume\volume\header\grid.hpp(140): warning C4018: '<': signed/unsigned mismatch
c:\users\tushar\source\repos\volume\volume\header\grid.hpp(165): warning C4244: '=': conversion from 'double' to 'float', possible loss of data
c:\users\tushar\source\repos\volume\volume\header\grid.hpp(183): warning C4244: 'initializing': conversion from 'double' to 'unsigned int', possible loss of data
c:\users\tushar\source\repos\volume\volume\header\grid.hpp(184): warning C4244: 'initializing': conversion from 'double' to 'unsigned int', possible loss of data
c:\users\tushar\source\repos\volume\volume\header\grid.hpp(185): warning C4244: 'initializing': conversion from 'double' to 'unsigned int', possible loss of data
c:\users\tushar\source\repos\volume\volume\header\light.hpp(30): warning C4018: '<': signed/unsigned mismatch
c:\users\tushar\source\repos\volume\volume\header\light.hpp(32): warning C4018: '<': signed/unsigned mismatch
c:\users\tushar\source\repos\volume\volume\header\light.hpp(34): warning C4018: '<': signed/unsigned mismatch
c:\users\tushar\source\repos\volume\volume\header\light.hpp(49): warning C4244: '+=': conversion from 'double' to 'float', possible loss of data
c:\users\tushar\source\repos\volume\volume\header\light.hpp(63): warning C4018: '<': signed/unsigned mismatch
c:\users\tushar\source\repos\volume\volume\header\light.hpp(65): warning C4018: '<': signed/unsigned mismatch
c:\users\tushar\source\repos\volume\volume\header\light.hpp(67): warning C4018: '<': signed/unsigned mismatch
c:\users\tushar\source\repos\volume\volume\header\light.hpp(83): warning C4244: '+=': conversion from 'double' to 'float', possible loss of data
c:\users\tushar\source\repos\volume\volume\header\stampednoise.hpp(27): warning C4244: 'argument': conversion from 'double' to 'float', possible loss of data
c:\users\tushar\source\repos\volume\volume\header\stampednoise.hpp(28): warning C4244: '=': conversion from 'double' to 'float', possible loss of data
c:\users\tushar\source\repos\volume\volume\header\stampednoise.hpp(55): warning C4018: '<': signed/unsigned mismatch
c:\users\tushar\source\repos\volume\volume\header\stampednoise.hpp(57): warning C4018: '<': signed/unsigned mismatch
c:\users\tushar\source\repos\volume\volume\header\stampednoise.hpp(59): warning C4018: '<': signed/unsigned mismatch
c:\users\tushar\source\repos\volume\volume\header\stampednoise.hpp(63): warning C4244: 'initializing': conversion from 'double' to 'float', possible loss of data
c:\users\tushar\source\repos\volume\volume\header\wisps.hpp(26): warning C4244: '=': conversion from 'double' to 'float', possible loss of data
c:\users\tushar\source\repos\volume\volume\header\wisps.hpp(27): warning C4244: '=': conversion from 'double' to 'float', possible loss of data
c:\users\tushar\source\repos\volume\volume\header\wisps.hpp(29): warning C4244: '=': conversion from 'double' to 'float', possible loss of data
c:\users\tushar\source\repos\volume\volume\header\wisps.hpp(30): warning C4244: 'argument': conversion from 'double' to 'float', possible loss of data
c:\users\tushar\source\repos\volume\volume\header\wisps.hpp(30): warning C4244: 'argument': conversion from 'double' to 'int', possible loss of data
c:\users\tushar\source\repos\volume\volume\header\wisps.hpp(31): warning C4244: 'argument': conversion from 'double' to 'float', possible loss of data
c:\users\tushar\source\repos\volume\volume\header\wisps.hpp(31): warning C4244: 'argument': conversion from 'double' to 'int', possible loss of data
c:\users\tushar\source\repos\volume\volume\header\wisps.hpp(39): warning C4305: 'initializing': truncation from 'double' to 'float'
c:\users\tushar\source\repos\volume\volume\header\wisps.hpp(75): warning C4244: 'initializing': conversion from 'double' to 'unsigned int', possible loss of data
c:\users\tushar\source\repos\volume\volume\header\wisps.hpp(76): warning C4244: 'initializing': conversion from 'double' to 'unsigned int', possible loss of data
c:\users\tushar\source\repos\volume\volume\header\wisps.hpp(77): warning C4244: 'initializing': conversion from 'double' to 'unsigned int', possible loss of data
c:\users\tushar\source\repos\volume\volume\header\wisps.hpp(83): warning C4244: '+=': conversion from 'double' to 'float', possible loss of data
c:\users\tushar\source\repos\volume\volume\header\wisps.hpp(84): warning C4244: '+=': conversion from 'double' to 'float', possible loss of data
c:\users\tushar\source\repos\volume\volume\header\wisps.hpp(85): warning C4244: '+=': conversion from 'double' to 'float', possible loss of data
c:\users\tushar\source\repos\volume\volume\header\wisps.hpp(86): warning C4244: '+=': conversion from 'double' to 'float', possible loss of data
c:\users\tushar\source\repos\volume\volume\header\wisps.hpp(87): warning C4244: '+=': conversion from 'double' to 'float', possible loss of data
c:\users\tushar\source\repos\volume\volume\header\wisps.hpp(88): warning C4244: '+=': conversion from 'double' to 'float', possible loss of data
c:\users\tushar\source\repos\volume\volume\header\wisps.hpp(89): warning C4244: '+=': conversion from 'double' to 'float', possible loss of data
c:\users\tushar\source\repos\volume\volume\header\wisps.hpp(90): warning C4244: '+=': conversion from 'double' to 'float', possible loss of data
  Generating Code...
  Volume.vcxproj -> C:\Users\TUSHAR\source\repos\Volume\bin\x64\Debug\Volume.exe
