  RayMarch.cpp
c:\users\tushar\source\repos\volume\volume\header\Grid.hpp(43): warning C4018: '<': signed/unsigned mismatch
c:\users\tushar\source\repos\volume\volume\header\Grid.hpp(45): warning C4018: '<': signed/unsigned mismatch
c:\users\tushar\source\repos\volume\volume\header\Grid.hpp(47): warning C4018: '<': signed/unsigned mismatch
c:\users\tushar\source\repos\volume\volume\header\Grid.hpp(73): warning C4244: 'initializing': conversion from 'double' to 'unsigned int', possible loss of data
c:\users\tushar\source\repos\volume\volume\header\Grid.hpp(74): warning C4244: 'initializing': conversion from 'double' to 'unsigned int', possible loss of data
c:\users\tushar\source\repos\volume\volume\header\Grid.hpp(75): warning C4244: 'initializing': conversion from 'double' to 'unsigned int', possible loss of data
c:\users\tushar\source\repos\volume\volume\header\Grid.hpp(104): warning C4018: '<': signed/unsigned mismatch
c:\users\tushar\source\repos\volume\volume\header\Grid.hpp(106): warning C4018: '<': signed/unsigned mismatch
c:\users\tushar\source\repos\volume\volume\header\Grid.hpp(108): warning C4018: '<': signed/unsigned mismatch
source\RayMarch.cpp(45): warning C4244: 'argument': conversion from 'double' to 'float', possible loss of data
source\RayMarch.cpp(163): warning C4244: 'argument': conversion from 'double' to 'float', possible loss of data
  main.cpp
c:\users\tushar\source\repos\volume\volume\header\Grid.hpp(43): warning C4018: '<': signed/unsigned mismatch
c:\users\tushar\source\repos\volume\volume\header\Grid.hpp(45): warning C4018: '<': signed/unsigned mismatch
c:\users\tushar\source\repos\volume\volume\header\Grid.hpp(47): warning C4018: '<': signed/unsigned mismatch
c:\users\tushar\source\repos\volume\volume\header\Grid.hpp(73): warning C4244: 'initializing': conversion from 'double' to 'unsigned int', possible loss of data
c:\users\tushar\source\repos\volume\volume\header\Grid.hpp(74): warning C4244: 'initializing': conversion from 'double' to 'unsigned int', possible loss of data
c:\users\tushar\source\repos\volume\volume\header\Grid.hpp(75): warning C4244: 'initializing': conversion from 'double' to 'unsigned int', possible loss of data
c:\users\tushar\source\repos\volume\volume\header\Grid.hpp(104): warning C4018: '<': signed/unsigned mismatch
c:\users\tushar\source\repos\volume\volume\header\Grid.hpp(106): warning C4018: '<': signed/unsigned mismatch
c:\users\tushar\source\repos\volume\volume\header\Grid.hpp(108): warning C4018: '<': signed/unsigned mismatch
  Generating code
  115 of 561 functions (20.5%) were compiled, the rest were copied from previous compilation.
    69 functions were new in current compilation
    55 functions had inline decision re-evaluated but remain unchanged
  Finished generating code
  Volume.vcxproj -> C:\Users\TUSHAR\source\repos\Volume\bin\x64\Release\Volume.exe
