c:\users\tushar\source\repos\volume\bin\intermediates\x64\release\vc141.pdb
c:\users\tushar\source\repos\volume\bin\intermediates\x64\release\wisps.obj
c:\users\tushar\source\repos\volume\bin\intermediates\x64\release\triangle.obj
c:\users\tushar\source\repos\volume\bin\intermediates\x64\release\stampednoise.obj
c:\users\tushar\source\repos\volume\bin\intermediates\x64\release\perlinnoise.obj
c:\users\tushar\source\repos\volume\bin\intermediates\x64\release\matrix.obj
c:\users\tushar\source\repos\volume\bin\intermediates\x64\release\main.obj
c:\users\tushar\source\repos\volume\bin\intermediates\x64\release\linearalgebra.obj
c:\users\tushar\source\repos\volume\bin\intermediates\x64\release\image.obj
c:\users\tushar\source\repos\volume\bin\intermediates\x64\release\camera.obj
c:\users\tushar\source\repos\volume\bin\intermediates\x64\release\raymarch.obj
c:\users\tushar\source\repos\volume\bin\intermediates\x64\release\light.obj
c:\users\tushar\source\repos\volume\bin\intermediates\x64\release\grid.obj
c:\users\tushar\source\repos\volume\bin\intermediates\x64\release\fspn.obj
c:\users\tushar\source\repos\volume\bin\intermediates\x64\release\volume.tlog\cl.command.1.tlog
c:\users\tushar\source\repos\volume\bin\intermediates\x64\release\volume.tlog\cl.read.1.tlog
c:\users\tushar\source\repos\volume\bin\intermediates\x64\release\volume.tlog\cl.write.1.tlog
c:\users\tushar\source\repos\volume\bin\intermediates\x64\release\volume.tlog\link.command.1.tlog
c:\users\tushar\source\repos\volume\bin\intermediates\x64\release\volume.tlog\link.read.1.tlog
c:\users\tushar\source\repos\volume\bin\intermediates\x64\release\volume.tlog\link.read.8.tlog
c:\users\tushar\source\repos\volume\bin\intermediates\x64\release\volume.tlog\link.write.1.tlog
